<?xml version="1.0" encoding="UTF-8"?>
<!-- Generated by org.testng.reporters.JUnitReportReporter -->
<testsuite skipped="0" hostname="LAPTOP-HUA8CH3G" name="Persistent.moneycontrol.SetUp" tests="1" failures="0" timestamp="07 Jan 2021 07:45:23 GMT" time="4.277" errors="0">
  <testcase name="search" time="4.277" classname="Persistent.moneycontrol.SetUp"/>
</testsuite> <!-- Persistent.moneycontrol.SetUp -->
